ElderCareAssistant/app/build/intermediates/manifest_merge_blame_file/debug/processDebugMainManifest/manifest-merger-blame-debug-report.txt
1<?xml version="1.0" encoding="utf-8"?>
2<manifest xmlns:android="http://schemas.android.com/apk/res/android"
3    package="com.eldercare.assistant"
4    android:versionCode="1"
5    android:versionName="1.0" >
6
7    <uses-sdk
8        android:minSdkVersion="21"
9        android:targetSdkVersion="34" />
10
11    <!-- Permissions for elderly-friendly features -->
12    <uses-permission android:name="android.permission.VIBRATE" />
12-->src\main\AndroidManifest.xml:6:5-66
12-->src\main\AndroidManifest.xml:6:22-63
13    <uses-permission android:name="android.permission.WAKE_LOCK" />
13-->src\main\AndroidManifest.xml:7:5-68
13-->src\main\AndroidManifest.xml:7:22-65
14
15    <!-- Permissions for emergency SOS system -->
16    <uses-permission android:name="android.permission.CALL_PHONE" />
16-->src\main\AndroidManifest.xml:10:5-69
16-->src\main\AndroidManifest.xml:10:22-66
17    <uses-permission android:name="android.permission.SEND_SMS" />
17-->src\main\AndroidManifest.xml:11:5-67
17-->src\main\AndroidManifest.xml:11:22-64
18    <uses-permission android:name="android.permission.ACCESS_FINE_LOCATION" />
18-->src\main\AndroidManifest.xml:12:5-79
18-->src\main\AndroidManifest.xml:12:22-76
19    <uses-permission android:name="android.permission.ACCESS_COARSE_LOCATION" />
19-->src\main\AndroidManifest.xml:13:5-81
19-->src\main\AndroidManifest.xml:13:22-78
20    <uses-permission android:name="android.permission.ACCESS_BACKGROUND_LOCATION" />
20-->src\main\AndroidManifest.xml:14:5-85
20-->src\main\AndroidManifest.xml:14:22-82
21    <uses-permission android:name="android.permission.READ_CONTACTS" />
21-->src\main\AndroidManifest.xml:15:5-72
21-->src\main\AndroidManifest.xml:15:22-69
22
23    <!-- Permissions for medication reminders -->
24    <uses-permission android:name="android.permission.POST_NOTIFICATIONS" />
24-->src\main\AndroidManifest.xml:18:5-77
24-->src\main\AndroidManifest.xml:18:22-74
25    <uses-permission android:name="android.permission.RECORD_AUDIO" />
25-->src\main\AndroidManifest.xml:19:5-71
25-->src\main\AndroidManifest.xml:19:22-68
26    <uses-permission android:name="android.permission.INTERNET" /> <!-- For initial setup -->
26-->src\main\AndroidManifest.xml:20:5-67
26-->src\main\AndroidManifest.xml:20:22-64
27    <uses-permission android:name="android.permission.SYSTEM_ALERT_WINDOW" />
27-->src\main\AndroidManifest.xml:21:5-78
27-->src\main\AndroidManifest.xml:21:22-75
28    <uses-permission android:name="android.permission.USE_FULL_SCREEN_INTENT" />
28-->src\main\AndroidManifest.xml:22:5-81
28-->src\main\AndroidManifest.xml:22:22-78
29    <uses-permission android:name="android.permission.SCHEDULE_EXACT_ALARM" />
29-->src\main\AndroidManifest.xml:23:5-79
29-->src\main\AndroidManifest.xml:23:22-76
30
31    <!-- Permission for offline speech recognition -->
32    <uses-permission android:name="com.google.android.gms.permission.BIND_NETWORK_TASK_SERVICE" />
32-->src\main\AndroidManifest.xml:26:5-99
32-->src\main\AndroidManifest.xml:26:22-96
33    <uses-permission android:name="android.permission.ACCESS_NETWORK_STATE" />
33-->[androidx.work:work-runtime:2.9.0] AndroidManifest.xml:24:5-79
33-->[androidx.work:work-runtime:2.9.0] AndroidManifest.xml:24:22-76
34    <uses-permission android:name="android.permission.RECEIVE_BOOT_COMPLETED" />
34-->[androidx.work:work-runtime:2.9.0] AndroidManifest.xml:25:5-81
34-->[androidx.work:work-runtime:2.9.0] AndroidManifest.xml:25:22-78
35    <uses-permission android:name="android.permission.FOREGROUND_SERVICE" />
35-->[androidx.work:work-runtime:2.9.0] AndroidManifest.xml:26:5-77
35-->[androidx.work:work-runtime:2.9.0] AndroidManifest.xml:26:22-74
36
37    <uses-feature
37-->[com.google.android.gms:play-services-maps:18.2.0] AndroidManifest.xml:26:5-28:35
38        android:glEsVersion="0x00020000"
38-->[com.google.android.gms:play-services-maps:18.2.0] AndroidManifest.xml:27:9-41
39        android:required="true" />
39-->[com.google.android.gms:play-services-maps:18.2.0] AndroidManifest.xml:28:9-32
40
41    <queries>
41-->[com.google.android.gms:play-services-maps:18.2.0] AndroidManifest.xml:30:5-34:15
42
43        <!-- Needs to be explicitly declared on Android R+ -->
44        <package android:name="com.google.android.apps.maps" />
44-->[com.google.android.gms:play-services-maps:18.2.0] AndroidManifest.xml:33:9-64
44-->[com.google.android.gms:play-services-maps:18.2.0] AndroidManifest.xml:33:18-61
45    </queries>
46
47    <permission
47-->[androidx.core:core:1.12.0] AndroidManifest.xml:22:5-24:47
48        android:name="com.eldercare.assistant.DYNAMIC_RECEIVER_NOT_EXPORTED_PERMISSION"
48-->[androidx.core:core:1.12.0] AndroidManifest.xml:23:9-81
49        android:protectionLevel="signature" />
49-->[androidx.core:core:1.12.0] AndroidManifest.xml:24:9-44
50
51    <uses-permission android:name="com.eldercare.assistant.DYNAMIC_RECEIVER_NOT_EXPORTED_PERMISSION" />
51-->[androidx.core:core:1.12.0] AndroidManifest.xml:26:5-97
51-->[androidx.core:core:1.12.0] AndroidManifest.xml:26:22-94
52
53    <application
53-->src\main\AndroidManifest.xml:28:5-134:19
54        android:name="com.eldercare.assistant.ElderCareApplication"
54-->src\main\AndroidManifest.xml:29:9-45
55        android:allowBackup="true"
55-->src\main\AndroidManifest.xml:30:9-35
56        android:appComponentFactory="androidx.core.app.CoreComponentFactory"
56-->[androidx.core:core:1.12.0] AndroidManifest.xml:28:18-86
57        android:dataExtractionRules="@xml/data_extraction_rules"
57-->src\main\AndroidManifest.xml:31:9-65
58        android:debuggable="true"
59        android:extractNativeLibs="true"
60        android:fullBackupContent="@xml/backup_rules"
60-->src\main\AndroidManifest.xml:32:9-54
61        android:icon="@mipmap/ic_launcher"
61-->src\main\AndroidManifest.xml:33:9-43
62        android:label="@string/app_name"
62-->src\main\AndroidManifest.xml:34:9-41
63        android:roundIcon="@mipmap/ic_launcher_round"
63-->src\main\AndroidManifest.xml:35:9-54
64        android:supportsRtl="true"
64-->src\main\AndroidManifest.xml:36:9-35
65        android:theme="@style/Theme.ElderCareAssistant" >
65-->src\main\AndroidManifest.xml:37:9-56
66
67        <!-- Google Play Services version for offline speech recognition -->
68        <meta-data
68-->src\main\AndroidManifest.xml:41:9-43:69
69            android:name="com.google.android.gms.version"
69-->src\main\AndroidManifest.xml:42:13-58
70            android:value="@integer/google_play_services_version" />
70-->src\main\AndroidManifest.xml:43:13-66
71
72        <activity
72-->src\main\AndroidManifest.xml:45:9-53:20
73            android:name="com.eldercare.assistant.ui.main.MainActivity"
73-->src\main\AndroidManifest.xml:46:13-49
74            android:exported="true"
74-->src\main\AndroidManifest.xml:47:13-36
75            android:theme="@style/Theme.ElderCareAssistant" >
75-->src\main\AndroidManifest.xml:48:13-60
76            <intent-filter>
76-->src\main\AndroidManifest.xml:49:13-52:29
77                <action android:name="android.intent.action.MAIN" />
77-->src\main\AndroidManifest.xml:50:17-69
77-->src\main\AndroidManifest.xml:50:25-66
78
79                <category android:name="android.intent.category.LAUNCHER" />
79-->src\main\AndroidManifest.xml:51:17-77
79-->src\main\AndroidManifest.xml:51:27-74
80            </intent-filter>
81        </activity>
82
83        <!-- Medication reminder activities -->
84        <activity
84-->src\main\AndroidManifest.xml:56:9-62:46
85            android:name="com.eldercare.assistant.ui.medication.MedicationReminderActivity"
85-->src\main\AndroidManifest.xml:57:13-69
86            android:exported="false"
86-->src\main\AndroidManifest.xml:58:13-37
87            android:launchMode="singleTop"
87-->src\main\AndroidManifest.xml:62:13-43
88            android:showOnLockScreen="true"
88-->src\main\AndroidManifest.xml:60:13-44
89            android:theme="@style/Theme.ElderCareAssistant.FullScreen"
89-->src\main\AndroidManifest.xml:59:13-71
90            android:turnScreenOn="true" />
90-->src\main\AndroidManifest.xml:61:13-40
91        <activity
91-->src\main\AndroidManifest.xml:64:9-70:46
92            android:name="com.eldercare.assistant.ui.medication.MedicationVoiceActivity"
92-->src\main\AndroidManifest.xml:65:13-66
93            android:exported="false"
93-->src\main\AndroidManifest.xml:66:13-37
94            android:launchMode="singleTop"
94-->src\main\AndroidManifest.xml:70:13-43
95            android:showOnLockScreen="true"
95-->src\main\AndroidManifest.xml:68:13-44
96            android:theme="@style/Theme.ElderCareAssistant.FullScreen"
96-->src\main\AndroidManifest.xml:67:13-71
97            android:turnScreenOn="true" />
97-->src\main\AndroidManifest.xml:69:13-40
98
99        <!-- Emergency SOS Activity -->
100        <activity
100-->src\main\AndroidManifest.xml:73:9-85:20
101            android:name="com.eldercare.assistant.ui.emergency.SOSActivity"
101-->src\main\AndroidManifest.xml:74:13-53
102            android:exported="true"
102-->src\main\AndroidManifest.xml:75:13-36
103            android:launchMode="singleTop"
103-->src\main\AndroidManifest.xml:79:13-43
104            android:showOnLockScreen="true"
104-->src\main\AndroidManifest.xml:77:13-44
105            android:theme="@style/Theme.ElderCareAssistant.FullScreen"
105-->src\main\AndroidManifest.xml:76:13-71
106            android:turnScreenOn="true" >
106-->src\main\AndroidManifest.xml:78:13-40
107            <intent-filter>
107-->src\main\AndroidManifest.xml:80:13-84:29
108                <action android:name="android.intent.action.VIEW" />
108-->src\main\AndroidManifest.xml:81:17-69
108-->src\main\AndroidManifest.xml:81:25-66
109                <action android:name="com.eldercare.assistant.EMERGENCY_SOS" />
109-->src\main\AndroidManifest.xml:82:17-80
109-->src\main\AndroidManifest.xml:82:25-77
110
111                <category android:name="android.intent.category.DEFAULT" />
111-->src\main\AndroidManifest.xml:83:17-76
111-->src\main\AndroidManifest.xml:83:27-73
112            </intent-filter>
113        </activity>
114
115        <!-- Emergency Contact Management Activity -->
116        <activity
116-->src\main\AndroidManifest.xml:88:9-92:50
117            android:name="com.eldercare.assistant.ui.EmergencyContactActivity"
117-->src\main\AndroidManifest.xml:89:13-56
118            android:exported="false"
118-->src\main\AndroidManifest.xml:90:13-37
119            android:label="Emergency Contacts"
119-->src\main\AndroidManifest.xml:92:13-47
120            android:theme="@style/Theme.ElderCareAssistant.LargeText" />
120-->src\main\AndroidManifest.xml:91:13-70
121
122        <!-- Mood Tracking Activities -->
123        <activity
123-->src\main\AndroidManifest.xml:95:9-99:45
124            android:name="com.eldercare.assistant.ui.mood.MoodTrackingActivity"
124-->src\main\AndroidManifest.xml:96:13-57
125            android:exported="false"
125-->src\main\AndroidManifest.xml:97:13-37
126            android:label="Mood Tracking"
126-->src\main\AndroidManifest.xml:99:13-42
127            android:theme="@style/Theme.ElderCareAssistant.LargeText" />
127-->src\main\AndroidManifest.xml:98:13-70
128        <activity
128-->src\main\AndroidManifest.xml:101:9-105:44
129            android:name="com.eldercare.assistant.ui.mood.MoodHistoryActivity"
129-->src\main\AndroidManifest.xml:102:13-56
130            android:exported="false"
130-->src\main\AndroidManifest.xml:103:13-37
131            android:label="Mood History"
131-->src\main\AndroidManifest.xml:105:13-41
132            android:theme="@style/Theme.ElderCareAssistant.LargeText" />
132-->src\main\AndroidManifest.xml:104:13-70
133
134        <!-- Message Editor Activity -->
135        <activity
135-->src\main\AndroidManifest.xml:108:9-112:44
136            android:name="com.eldercare.assistant.ui.messaging.MessageEditorActivity"
136-->src\main\AndroidManifest.xml:109:13-63
137            android:exported="false"
137-->src\main\AndroidManifest.xml:110:13-37
138            android:label="Send Message"
138-->src\main\AndroidManifest.xml:112:13-41
139            android:theme="@style/Theme.ElderCareAssistant.LargeText" />
139-->src\main\AndroidManifest.xml:111:13-70
140
141        <!-- Broadcast receiver for notification actions -->
142        <receiver
142-->src\main\AndroidManifest.xml:115:9-117:40
143            android:name="com.eldercare.assistant.service.MedicationActionReceiver"
143-->src\main\AndroidManifest.xml:116:13-61
144            android:exported="false" />
144-->src\main\AndroidManifest.xml:117:13-37
145
146        <!-- Emergency Service for SOS functionality -->
147        <service
147-->src\main\AndroidManifest.xml:120:9-123:40
148            android:name="com.eldercare.assistant.service.EmergencyService"
148-->src\main\AndroidManifest.xml:121:13-53
149            android:enabled="true"
149-->src\main\AndroidManifest.xml:122:13-35
150            android:exported="false" />
150-->src\main\AndroidManifest.xml:123:13-37
151
152        <!-- Offline Speech Recognition Service for voice commands -->
153        <service
153-->src\main\AndroidManifest.xml:126:9-133:19
154            android:name="com.google.android.gms.speech.OfflineSpeechRecognitionService"
154-->src\main\AndroidManifest.xml:127:13-89
155            android:exported="true"
155-->src\main\AndroidManifest.xml:128:13-36
156            android:permission="com.google.android.gms.permission.BIND_NETWORK_TASK_SERVICE" >
156-->src\main\AndroidManifest.xml:129:13-93
157            <intent-filter>
157-->src\main\AndroidManifest.xml:130:13-132:29
158                <action android:name="com.google.android.gms.speech.OfflineSpeechRecognitionService" />
158-->src\main\AndroidManifest.xml:131:17-104
158-->src\main\AndroidManifest.xml:131:25-101
159            </intent-filter>
160        </service>
161
162        <provider
162-->[androidx.work:work-runtime:2.9.0] AndroidManifest.xml:29:9-37:20
163            android:name="androidx.startup.InitializationProvider"
163-->[androidx.work:work-runtime:2.9.0] AndroidManifest.xml:30:13-67
164            android:authorities="com.eldercare.assistant.androidx-startup"
164-->[androidx.work:work-runtime:2.9.0] AndroidManifest.xml:31:13-68
165            android:exported="false" >
165-->[androidx.work:work-runtime:2.9.0] AndroidManifest.xml:32:13-37
166            <meta-data
166-->[androidx.work:work-runtime:2.9.0] AndroidManifest.xml:34:13-36:52
167                android:name="androidx.work.WorkManagerInitializer"
167-->[androidx.work:work-runtime:2.9.0] AndroidManifest.xml:35:17-68
168                android:value="androidx.startup" />
168-->[androidx.work:work-runtime:2.9.0] AndroidManifest.xml:36:17-49
169            <meta-data
169-->[androidx.emoji2:emoji2:1.2.0] AndroidManifest.xml:29:13-31:52
170                android:name="androidx.emoji2.text.EmojiCompatInitializer"
170-->[androidx.emoji2:emoji2:1.2.0] AndroidManifest.xml:30:17-75
171                android:value="androidx.startup" />
171-->[androidx.emoji2:emoji2:1.2.0] AndroidManifest.xml:31:17-49
172            <meta-data
172-->[androidx.lifecycle:lifecycle-process:2.7.0] AndroidManifest.xml:29:13-31:52
173                android:name="androidx.lifecycle.ProcessLifecycleInitializer"
173-->[androidx.lifecycle:lifecycle-process:2.7.0] AndroidManifest.xml:30:17-78
174                android:value="androidx.startup" />
174-->[androidx.lifecycle:lifecycle-process:2.7.0] AndroidManifest.xml:31:17-49
175            <meta-data
175-->[androidx.profileinstaller:profileinstaller:1.3.0] AndroidManifest.xml:29:13-31:52
176                android:name="androidx.profileinstaller.ProfileInstallerInitializer"
176-->[androidx.profileinstaller:profileinstaller:1.3.0] AndroidManifest.xml:30:17-85
177                android:value="androidx.startup" />
177-->[androidx.profileinstaller:profileinstaller:1.3.0] AndroidManifest.xml:31:17-49
178        </provider>
179
180        <service
180-->[androidx.work:work-runtime:2.9.0] AndroidManifest.xml:39:9-45:35
181            android:name="androidx.work.impl.background.systemalarm.SystemAlarmService"
181-->[androidx.work:work-runtime:2.9.0] AndroidManifest.xml:40:13-88
182            android:directBootAware="false"
182-->[androidx.work:work-runtime:2.9.0] AndroidManifest.xml:41:13-44
183            android:enabled="@bool/enable_system_alarm_service_default"
183-->[androidx.work:work-runtime:2.9.0] AndroidManifest.xml:42:13-72
184            android:exported="false" />
184-->[androidx.work:work-runtime:2.9.0] AndroidManifest.xml:43:13-37
185        <service
185-->[androidx.work:work-runtime:2.9.0] AndroidManifest.xml:46:9-52:35
186            android:name="androidx.work.impl.background.systemjob.SystemJobService"
186-->[androidx.work:work-runtime:2.9.0] AndroidManifest.xml:47:13-84
187            android:directBootAware="false"
187-->[androidx.work:work-runtime:2.9.0] AndroidManifest.xml:48:13-44
188            android:enabled="@bool/enable_system_job_service_default"
188-->[androidx.work:work-runtime:2.9.0] AndroidManifest.xml:49:13-70
189            android:exported="true"
189-->[androidx.work:work-runtime:2.9.0] AndroidManifest.xml:50:13-36
190            android:permission="android.permission.BIND_JOB_SERVICE" />
190-->[androidx.work:work-runtime:2.9.0] AndroidManifest.xml:51:13-69
191        <service
191-->[androidx.work:work-runtime:2.9.0] AndroidManifest.xml:53:9-59:35
192            android:name="androidx.work.impl.foreground.SystemForegroundService"
192-->[androidx.work:work-runtime:2.9.0] AndroidManifest.xml:54:13-81
193            android:directBootAware="false"
193-->[androidx.work:work-runtime:2.9.0] AndroidManifest.xml:55:13-44
194            android:enabled="@bool/enable_system_foreground_service_default"
194-->[androidx.work:work-runtime:2.9.0] AndroidManifest.xml:56:13-77
195            android:exported="false" />
195-->[androidx.work:work-runtime:2.9.0] AndroidManifest.xml:57:13-37
196
197        <receiver
197-->[androidx.work:work-runtime:2.9.0] AndroidManifest.xml:61:9-66:35
198            android:name="androidx.work.impl.utils.ForceStopRunnable$BroadcastReceiver"
198-->[androidx.work:work-runtime:2.9.0] AndroidManifest.xml:62:13-88
199            android:directBootAware="false"
199-->[androidx.work:work-runtime:2.9.0] AndroidManifest.xml:63:13-44
200            android:enabled="true"
200-->[androidx.work:work-runtime:2.9.0] AndroidManifest.xml:64:13-35
201            android:exported="false" />
201-->[androidx.work:work-runtime:2.9.0] AndroidManifest.xml:65:13-37
202        <receiver
202-->[androidx.work:work-runtime:2.9.0] AndroidManifest.xml:67:9-77:20
203            android:name="androidx.work.impl.background.systemalarm.ConstraintProxy$BatteryChargingProxy"
203-->[androidx.work:work-runtime:2.9.0] AndroidManifest.xml:68:13-106
204            android:directBootAware="false"
204-->[androidx.work:work-runtime:2.9.0] AndroidManifest.xml:69:13-44
205            android:enabled="false"
205-->[androidx.work:work-runtime:2.9.0] AndroidManifest.xml:70:13-36
206            android:exported="false" >
206-->[androidx.work:work-runtime:2.9.0] AndroidManifest.xml:71:13-37
207            <intent-filter>
207-->[androidx.work:work-runtime:2.9.0] AndroidManifest.xml:73:13-76:29
208                <action android:name="android.intent.action.ACTION_POWER_CONNECTED" />
208-->[androidx.work:work-runtime:2.9.0] AndroidManifest.xml:74:17-87
208-->[androidx.work:work-runtime:2.9.0] AndroidManifest.xml:74:25-84
209                <action android:name="android.intent.action.ACTION_POWER_DISCONNECTED" />
209-->[androidx.work:work-runtime:2.9.0] AndroidManifest.xml:75:17-90
209-->[androidx.work:work-runtime:2.9.0] AndroidManifest.xml:75:25-87
210            </intent-filter>
211        </receiver>
212        <receiver
212-->[androidx.work:work-runtime:2.9.0] AndroidManifest.xml:78:9-88:20
213            android:name="androidx.work.impl.background.systemalarm.ConstraintProxy$BatteryNotLowProxy"
213-->[androidx.work:work-runtime:2.9.0] AndroidManifest.xml:79:13-104
214            android:directBootAware="false"
214-->[androidx.work:work-runtime:2.9.0] AndroidManifest.xml:80:13-44
215            android:enabled="false"
215-->[androidx.work:work-runtime:2.9.0] AndroidManifest.xml:81:13-36
216            android:exported="false" >
216-->[androidx.work:work-runtime:2.9.0] AndroidManifest.xml:82:13-37
217            <intent-filter>
217-->[androidx.work:work-runtime:2.9.0] AndroidManifest.xml:84:13-87:29
218                <action android:name="android.intent.action.BATTERY_OKAY" />
218-->[androidx.work:work-runtime:2.9.0] AndroidManifest.xml:85:17-77
218-->[androidx.work:work-runtime:2.9.0] AndroidManifest.xml:85:25-74
219                <action android:name="android.intent.action.BATTERY_LOW" />
219-->[androidx.work:work-runtime:2.9.0] AndroidManifest.xml:86:17-76
219-->[androidx.work:work-runtime:2.9.0] AndroidManifest.xml:86:25-73
220            </intent-filter>
221        </receiver>
222        <receiver
222-->[androidx.work:work-runtime:2.9.0] AndroidManifest.xml:89:9-99:20
223            android:name="androidx.work.impl.background.systemalarm.ConstraintProxy$StorageNotLowProxy"
223-->[androidx.work:work-runtime:2.9.0] AndroidManifest.xml:90:13-104
224            android:directBootAware="false"
224-->[androidx.work:work-runtime:2.9.0] AndroidManifest.xml:91:13-44
225            android:enabled="false"
225-->[androidx.work:work-runtime:2.9.0] AndroidManifest.xml:92:13-36
226            android:exported="false" >
226-->[androidx.work:work-runtime:2.9.0] AndroidManifest.xml:93:13-37
227            <intent-filter>
227-->[androidx.work:work-runtime:2.9.0] AndroidManifest.xml:95:13-98:29
228                <action android:name="android.intent.action.DEVICE_STORAGE_LOW" />
228-->[androidx.work:work-runtime:2.9.0] AndroidManifest.xml:96:17-83
228-->[androidx.work:work-runtime:2.9.0] AndroidManifest.xml:96:25-80
229                <action android:name="android.intent.action.DEVICE_STORAGE_OK" />
229-->[androidx.work:work-runtime:2.9.0] AndroidManifest.xml:97:17-82
229-->[androidx.work:work-runtime:2.9.0] AndroidManifest.xml:97:25-79
230            </intent-filter>
231        </receiver>
232        <receiver
232-->[androidx.work:work-runtime:2.9.0] AndroidManifest.xml:100:9-109:20
233            android:name="androidx.work.impl.background.systemalarm.ConstraintProxy$NetworkStateProxy"
233-->[androidx.work:work-runtime:2.9.0] AndroidManifest.xml:101:13-103
234            android:directBootAware="false"
234-->[androidx.work:work-runtime:2.9.0] AndroidManifest.xml:102:13-44
235            android:enabled="false"
235-->[androidx.work:work-runtime:2.9.0] AndroidManifest.xml:103:13-36
236            android:exported="false" >
236-->[androidx.work:work-runtime:2.9.0] AndroidManifest.xml:104:13-37
237            <intent-filter>
237-->[androidx.work:work-runtime:2.9.0] AndroidManifest.xml:106:13-108:29
238                <action android:name="android.net.conn.CONNECTIVITY_CHANGE" />
238-->[androidx.work:work-runtime:2.9.0] AndroidManifest.xml:107:17-79
238-->[androidx.work:work-runtime:2.9.0] AndroidManifest.xml:107:25-76
239            </intent-filter>
240        </receiver>
241        <receiver
241-->[androidx.work:work-runtime:2.9.0] AndroidManifest.xml:110:9-121:20
242            android:name="androidx.work.impl.background.systemalarm.RescheduleReceiver"
242-->[androidx.work:work-runtime:2.9.0] AndroidManifest.xml:111:13-88
243            android:directBootAware="false"
243-->[androidx.work:work-runtime:2.9.0] AndroidManifest.xml:112:13-44
244            android:enabled="false"
244-->[androidx.work:work-runtime:2.9.0] AndroidManifest.xml:113:13-36
245            android:exported="false" >
245-->[androidx.work:work-runtime:2.9.0] AndroidManifest.xml:114:13-37
246            <intent-filter>
246-->[androidx.work:work-runtime:2.9.0] AndroidManifest.xml:116:13-120:29
247                <action android:name="android.intent.action.BOOT_COMPLETED" />
247-->[androidx.work:work-runtime:2.9.0] AndroidManifest.xml:117:17-79
247-->[androidx.work:work-runtime:2.9.0] AndroidManifest.xml:117:25-76
248                <action android:name="android.intent.action.TIME_SET" />
248-->[androidx.work:work-runtime:2.9.0] AndroidManifest.xml:118:17-73
248-->[androidx.work:work-runtime:2.9.0] AndroidManifest.xml:118:25-70
249                <action android:name="android.intent.action.TIMEZONE_CHANGED" />
249-->[androidx.work:work-runtime:2.9.0] AndroidManifest.xml:119:17-81
249-->[androidx.work:work-runtime:2.9.0] AndroidManifest.xml:119:25-78
250            </intent-filter>
251        </receiver>
252        <receiver
252-->[androidx.work:work-runtime:2.9.0] AndroidManifest.xml:122:9-131:20
253            android:name="androidx.work.impl.background.systemalarm.ConstraintProxyUpdateReceiver"
253-->[androidx.work:work-runtime:2.9.0] AndroidManifest.xml:123:13-99
254            android:directBootAware="false"
254-->[androidx.work:work-runtime:2.9.0] AndroidManifest.xml:124:13-44
255            android:enabled="@bool/enable_system_alarm_service_default"
255-->[androidx.work:work-runtime:2.9.0] AndroidManifest.xml:125:13-72
256            android:exported="false" >
256-->[androidx.work:work-runtime:2.9.0] AndroidManifest.xml:126:13-37
257            <intent-filter>
257-->[androidx.work:work-runtime:2.9.0] AndroidManifest.xml:128:13-130:29
258                <action android:name="androidx.work.impl.background.systemalarm.UpdateProxies" />
258-->[androidx.work:work-runtime:2.9.0] AndroidManifest.xml:129:17-98
258-->[androidx.work:work-runtime:2.9.0] AndroidManifest.xml:129:25-95
259            </intent-filter>
260        </receiver>
261        <receiver
261-->[androidx.work:work-runtime:2.9.0] AndroidManifest.xml:132:9-142:20
262            android:name="androidx.work.impl.diagnostics.DiagnosticsReceiver"
262-->[androidx.work:work-runtime:2.9.0] AndroidManifest.xml:133:13-78
263            android:directBootAware="false"
263-->[androidx.work:work-runtime:2.9.0] AndroidManifest.xml:134:13-44
264            android:enabled="true"
264-->[androidx.work:work-runtime:2.9.0] AndroidManifest.xml:135:13-35
265            android:exported="true"
265-->[androidx.work:work-runtime:2.9.0] AndroidManifest.xml:136:13-36
266            android:permission="android.permission.DUMP" >
266-->[androidx.work:work-runtime:2.9.0] AndroidManifest.xml:137:13-57
267            <intent-filter>
267-->[androidx.work:work-runtime:2.9.0] AndroidManifest.xml:139:13-141:29
268                <action android:name="androidx.work.diagnostics.REQUEST_DIAGNOSTICS" />
268-->[androidx.work:work-runtime:2.9.0] AndroidManifest.xml:140:17-88
268-->[androidx.work:work-runtime:2.9.0] AndroidManifest.xml:140:25-85
269            </intent-filter>
270        </receiver>
271
272        <service
272-->[androidx.room:room-runtime:2.6.1] AndroidManifest.xml:24:9-28:63
273            android:name="androidx.room.MultiInstanceInvalidationService"
273-->[androidx.room:room-runtime:2.6.1] AndroidManifest.xml:25:13-74
274            android:directBootAware="true"
274-->[androidx.room:room-runtime:2.6.1] AndroidManifest.xml:26:13-43
275            android:exported="false" /> <!-- Needs to be explicitly declared on P+ -->
275-->[androidx.room:room-runtime:2.6.1] AndroidManifest.xml:27:13-37
276        <uses-library
276-->[com.google.android.gms:play-services-maps:18.2.0] AndroidManifest.xml:39:9-41:40
277            android:name="org.apache.http.legacy"
277-->[com.google.android.gms:play-services-maps:18.2.0] AndroidManifest.xml:40:13-50
278            android:required="false" />
278-->[com.google.android.gms:play-services-maps:18.2.0] AndroidManifest.xml:41:13-37
279
280        <activity
280-->[com.google.android.gms:play-services-base:18.3.0] AndroidManifest.xml:20:9-22:45
281            android:name="com.google.android.gms.common.api.GoogleApiActivity"
281-->[com.google.android.gms:play-services-base:18.3.0] AndroidManifest.xml:20:19-85
282            android:exported="false"
282-->[com.google.android.gms:play-services-base:18.3.0] AndroidManifest.xml:22:19-43
283            android:theme="@android:style/Theme.Translucent.NoTitleBar" />
283-->[com.google.android.gms:play-services-base:18.3.0] AndroidManifest.xml:21:19-78
284
285        <uses-library
285-->[androidx.window:window:1.0.0] AndroidManifest.xml:25:9-27:40
286            android:name="androidx.window.extensions"
286-->[androidx.window:window:1.0.0] AndroidManifest.xml:26:13-54
287            android:required="false" />
287-->[androidx.window:window:1.0.0] AndroidManifest.xml:27:13-37
288        <uses-library
288-->[androidx.window:window:1.0.0] AndroidManifest.xml:28:9-30:40
289            android:name="androidx.window.sidecar"
289-->[androidx.window:window:1.0.0] AndroidManifest.xml:29:13-51
290            android:required="false" />
290-->[androidx.window:window:1.0.0] AndroidManifest.xml:30:13-37
291
292        <receiver
292-->[androidx.profileinstaller:profileinstaller:1.3.0] AndroidManifest.xml:34:9-52:20
293            android:name="androidx.profileinstaller.ProfileInstallReceiver"
293-->[androidx.profileinstaller:profileinstaller:1.3.0] AndroidManifest.xml:35:13-76
294            android:directBootAware="false"
294-->[androidx.profileinstaller:profileinstaller:1.3.0] AndroidManifest.xml:36:13-44
295            android:enabled="true"
295-->[androidx.profileinstaller:profileinstaller:1.3.0] AndroidManifest.xml:37:13-35
296            android:exported="true"
296-->[androidx.profileinstaller:profileinstaller:1.3.0] AndroidManifest.xml:38:13-36
297            android:permission="android.permission.DUMP" >
297-->[androidx.profileinstaller:profileinstaller:1.3.0] AndroidManifest.xml:39:13-57
298            <intent-filter>
298-->[androidx.profileinstaller:profileinstaller:1.3.0] AndroidManifest.xml:40:13-42:29
299                <action android:name="androidx.profileinstaller.action.INSTALL_PROFILE" />
299-->[androidx.profileinstaller:profileinstaller:1.3.0] AndroidManifest.xml:41:17-91